[debug] [2022-06-21T15:15:20.720Z] ----------------------------------------------------------------------
[debug] [2022-06-21T15:15:20.721Z] Command:       /home/jeevan/.fnm/node-versions/v16.15.0/installation/bin/node /mnt/wslg/runtime-dir/fnm_multishells/17065_1655823696861/bin/firebase deploy
[debug] [2022-06-21T15:15:20.722Z] CLI Version:   11.1.0
[debug] [2022-06-21T15:15:20.722Z] Platform:      linux
[debug] [2022-06-21T15:15:20.722Z] Node Version:  v16.15.0
[debug] [2022-06-21T15:15:20.722Z] Time:          Tue Jun 21 2022 20:45:20 GMT+0530 (India Standard Time)
[debug] [2022-06-21T15:15:20.722Z] ----------------------------------------------------------------------
[debug] 
[debug] [2022-06-21T15:15:20.763Z] > command requires scopes: ["email","openid","https://www.googleapis.com/auth/cloudplatformprojects.readonly","https://www.googleapis.com/auth/firebase","https://www.googleapis.com/auth/cloud-platform"]
[debug] [2022-06-21T15:15:20.764Z] > authorizing via signed-in user (asquirespirelab@gmail.com)
[debug] [2022-06-21T15:15:20.764Z] [iam] checking project tako-vrx for permissions ["firebase.projects.get","firebasehosting.sites.update"]
[debug] [2022-06-21T15:15:20.765Z] >>> [apiv2][query] POST https://cloudresourcemanager.googleapis.com/v1/projects/tako-vrx:testIamPermissions [none]
[debug] [2022-06-21T15:15:20.765Z] >>> [apiv2][body] POST https://cloudresourcemanager.googleapis.com/v1/projects/tako-vrx:testIamPermissions {"permissions":["firebase.projects.get","firebasehosting.sites.update"]}
[debug] [2022-06-21T15:15:22.191Z] <<< [apiv2][status] POST https://cloudresourcemanager.googleapis.com/v1/projects/tako-vrx:testIamPermissions 200
[debug] [2022-06-21T15:15:22.191Z] <<< [apiv2][body] POST https://cloudresourcemanager.googleapis.com/v1/projects/tako-vrx:testIamPermissions {"permissions":["firebase.projects.get","firebasehosting.sites.update"]}
[debug] [2022-06-21T15:15:22.192Z] >>> [apiv2][query] GET https://firebase.googleapis.com/v1beta1/projects/tako-vrx [none]
[debug] [2022-06-21T15:15:22.683Z] <<< [apiv2][status] GET https://firebase.googleapis.com/v1beta1/projects/tako-vrx 200
[debug] [2022-06-21T15:15:22.684Z] <<< [apiv2][body] GET https://firebase.googleapis.com/v1beta1/projects/tako-vrx {"projectId":"tako-vrx","projectNumber":"678112434150","displayName":"tako","name":"projects/tako-vrx","resources":{"hostingSite":"tako-vrx","realtimeDatabaseInstance":"tako-vrx-default-rtdb","storageBucket":"tako-vrx.appspot.com","locationId":"asia-southeast2"},"state":"ACTIVE"}
[info] 
[info] === Deploying to 'tako-vrx'...
[info] 
[info] i  deploying hosting 
[debug] [2022-06-21T15:15:22.687Z] >>> [apiv2][query] GET https://firebase.googleapis.com/v1beta1/projects/tako-vrx [none]
[debug] [2022-06-21T15:15:23.154Z] <<< [apiv2][status] GET https://firebase.googleapis.com/v1beta1/projects/tako-vrx 200
[debug] [2022-06-21T15:15:23.155Z] <<< [apiv2][body] GET https://firebase.googleapis.com/v1beta1/projects/tako-vrx {"projectId":"tako-vrx","projectNumber":"678112434150","displayName":"tako","name":"projects/tako-vrx","resources":{"hostingSite":"tako-vrx","realtimeDatabaseInstance":"tako-vrx-default-rtdb","storageBucket":"tako-vrx.appspot.com","locationId":"asia-southeast2"},"state":"ACTIVE"}
[debug] [2022-06-21T15:15:23.157Z] >>> [apiv2][query] POST https://firebasehosting.googleapis.com/v1beta1/projects/678112434150/sites/takoasquire/versions [none]
[debug] [2022-06-21T15:15:23.157Z] >>> [apiv2][body] POST https://firebasehosting.googleapis.com/v1beta1/projects/678112434150/sites/takoasquire/versions {"config":{"rewrites":[{"glob":"**","path":"/index.html"}]},"labels":{"deployment-tool":"cli-firebase"}}
